2018-10-03 08:31:48
TypeError: Cannot read property 'pool' of undefined
    at d:\Projects\ShellPool\src\charts.js:160:31
    at ClientRequest.<anonymous> (d:\Projects\ShellPool\src\apiInterfaces.js:81:9)
    at emitOne (events.js:116:13)
    at ClientRequest.emit (events.js:211:7)
    at Socket.socketErrorListener (_http_client.js:387:9)
    at emitOne (events.js:116:13)
    at Socket.emit (events.js:211:7)
    at emitErrorNT (internal/streams/destroy.js:66:8)
    at _combinedTickCallback (internal/process/next_tick.js:139:11)
    at process._tickCallback (internal/process/next_tick.js:181:9)

2018-10-03 08:31:48
TypeError: Cannot read property 'pool' of undefined
    at d:\Projects\ShellPool\src\charts.js:160:31
    at ClientRequest.<anonymous> (d:\Projects\ShellPool\src\apiInterfaces.js:81:9)
    at emitOne (events.js:116:13)
    at ClientRequest.emit (events.js:211:7)
    at Socket.socketCloseListener (_http_client.js:363:9)
    at emitOne (events.js:121:20)
    at Socket.emit (events.js:211:7)
    at TCP._handle.close [as _onclose] (net.js:561:12)

2018-10-03 08:31:48
TypeError: Cannot read property 'pool' of undefined
    at d:\Projects\ShellPool\src\charts.js:165:31
    at ClientRequest.<anonymous> (d:\Projects\ShellPool\src\apiInterfaces.js:81:9)
    at emitOne (events.js:116:13)
    at ClientRequest.emit (events.js:211:7)
    at Socket.socketErrorListener (_http_client.js:387:9)
    at emitOne (events.js:116:13)
    at Socket.emit (events.js:211:7)
    at emitErrorNT (internal/streams/destroy.js:66:8)
    at _combinedTickCallback (internal/process/next_tick.js:139:11)
    at process._tickCallback (internal/process/next_tick.js:181:9)

2018-10-03 08:32:54
TypeError: Cannot read property 'pool' of undefined
    at d:\Projects\ShellPool\src\charts.js:160:31
    at ClientRequest.<anonymous> (d:\Projects\ShellPool\src\apiInterfaces.js:81:9)
    at emitOne (events.js:116:13)
    at ClientRequest.emit (events.js:211:7)
    at Socket.socketErrorListener (_http_client.js:387:9)
    at emitOne (events.js:116:13)
    at Socket.emit (events.js:211:7)
    at emitErrorNT (internal/streams/destroy.js:66:8)
    at _combinedTickCallback (internal/process/next_tick.js:139:11)
    at process._tickCallback (internal/process/next_tick.js:181:9)

2018-10-03 08:32:55
TypeError: Cannot read property 'pool' of undefined
    at d:\Projects\ShellPool\src\charts.js:160:31
    at ClientRequest.<anonymous> (d:\Projects\ShellPool\src\apiInterfaces.js:81:9)
    at emitOne (events.js:116:13)
    at ClientRequest.emit (events.js:211:7)
    at Socket.socketCloseListener (_http_client.js:363:9)
    at emitOne (events.js:121:20)
    at Socket.emit (events.js:211:7)
    at TCP._handle.close [as _onclose] (net.js:561:12)

2018-10-03 08:32:55
TypeError: Cannot read property 'pool' of undefined
    at d:\Projects\ShellPool\src\charts.js:165:31
    at ClientRequest.<anonymous> (d:\Projects\ShellPool\src\apiInterfaces.js:81:9)
    at emitOne (events.js:116:13)
    at ClientRequest.emit (events.js:211:7)
    at Socket.socketErrorListener (_http_client.js:387:9)
    at emitOne (events.js:116:13)
    at Socket.emit (events.js:211:7)
    at emitErrorNT (internal/streams/destroy.js:66:8)
    at _combinedTickCallback (internal/process/next_tick.js:139:11)
    at process._tickCallback (internal/process/next_tick.js:181:9)

2018-10-03 08:32:55
TypeError: Cannot read property 'pool' of undefined
    at d:\Projects\ShellPool\src\charts.js:165:31
    at ClientRequest.<anonymous> (d:\Projects\ShellPool\src\apiInterfaces.js:81:9)
    at emitOne (events.js:116:13)
    at ClientRequest.emit (events.js:211:7)
    at Socket.socketCloseListener (_http_client.js:363:9)
    at emitOne (events.js:121:20)
    at Socket.emit (events.js:211:7)
    at TCP._handle.close [as _onclose] (net.js:561:12)

