2018-10-02 01:22:04
Error: Cannot find module 'cryptonote-util'
    at Function.Module._resolveFilename (module.js:548:15)
    at Function.Module._load (module.js:475:25)
    at Module.require (module.js:597:17)
    at require (internal/module.js:11:18)
    at Object.<anonymous> (d:\Projects\ShellPool\src\pool.js:15:14)
    at Module._compile (module.js:653:30)
    at Object.Module._extensions..js (module.js:664:10)
    at Module.load (module.js:566:32)
    at tryModuleLoad (module.js:506:12)
    at Function.Module._load (module.js:498:3)

2018-10-02 01:22:30
Error: Cannot find module 'cryptonote-util'
    at Function.Module._resolveFilename (module.js:548:15)
    at Function.Module._load (module.js:475:25)
    at Module.require (module.js:597:17)
    at require (internal/module.js:11:18)
    at Object.<anonymous> (d:\Projects\ShellPool\src\pool.js:15:14)
    at Module._compile (module.js:653:30)
    at Object.Module._extensions..js (module.js:664:10)
    at Module.load (module.js:566:32)
    at tryModuleLoad (module.js:506:12)
    at Function.Module._load (module.js:498:3)

2018-10-02 01:50:51
Error: Cannot find module 'cryptonote-util'
    at Function.Module._resolveFilename (module.js:548:15)
    at Function.Module._load (module.js:475:25)
    at Module.require (module.js:597:17)
    at require (internal/module.js:11:18)
    at Object.<anonymous> (d:\Projects\ShellPool\src\pool.js:15:14)
    at Module._compile (module.js:653:30)
    at Object.Module._extensions..js (module.js:664:10)
    at Module.load (module.js:566:32)
    at tryModuleLoad (module.js:506:12)
    at Function.Module._load (module.js:498:3)

2018-10-02 01:54:54
Error: Cannot find module 'cryptonote-util'
    at Function.Module._resolveFilename (module.js:548:15)
    at Function.Module._load (module.js:475:25)
    at Module.require (module.js:597:17)
    at require (internal/module.js:11:18)
    at Object.<anonymous> (d:\Projects\ShellPool\src\pool.js:15:14)
    at Module._compile (module.js:653:30)
    at Object.Module._extensions..js (module.js:664:10)
    at Module.load (module.js:566:32)
    at tryModuleLoad (module.js:506:12)
    at Function.Module._load (module.js:498:3)

2018-10-02 02:00:04
Error: Cannot find module './lib/chartsDataCollector.js'
    at Function.Module._resolveFilename (module.js:548:15)
    at Function.Module._load (module.js:475:25)
    at Module.require (module.js:597:17)
    at require (internal/module.js:11:18)
    at Object.<anonymous> (d:\Projects\ShellPool\app.js:108:13)
    at Module._compile (module.js:650:14)
    at Object.Module._extensions..js (module.js:664:10)
    at Module.load (module.js:566:32)
    at tryModuleLoad (module.js:506:12)
    at Function.Module._load (module.js:498:3)

2018-10-02 02:00:59
Error: Cannot find module './lib/api.js'
    at Function.Module._resolveFilename (module.js:548:15)
    at Function.Module._load (module.js:475:25)
    at Module.require (module.js:597:17)
    at require (internal/module.js:11:18)
    at Object.<anonymous> (D:\Projects\ShellPool\app.js:102:13)
    at Module._compile (module.js:653:30)
    at Object.Module._extensions..js (module.js:664:10)
    at Module.load (module.js:566:32)
    at tryModuleLoad (module.js:506:12)
    at Function.Module._load (module.js:498:3)

2018-10-02 02:00:59
Error: Cannot find module './lib/paymentProcessor.js'
    at Function.Module._resolveFilename (module.js:548:15)
    at Function.Module._load (module.js:475:25)
    at Module.require (module.js:597:17)
    at require (internal/module.js:11:18)
    at Object.<anonymous> (D:\Projects\ShellPool\app.js:99:13)
    at Module._compile (module.js:653:30)
    at Object.Module._extensions..js (module.js:664:10)
    at Module.load (module.js:566:32)
    at tryModuleLoad (module.js:506:12)
    at Function.Module._load (module.js:498:3)

2018-10-02 02:00:59
Error: Cannot find module './lib/chartsDataCollector.js'
    at Function.Module._resolveFilename (module.js:548:15)
    at Function.Module._load (module.js:475:25)
    at Module.require (module.js:597:17)
    at require (internal/module.js:11:18)
    at Object.<anonymous> (D:\Projects\ShellPool\app.js:108:13)
    at Module._compile (module.js:653:30)
    at Object.Module._extensions..js (module.js:664:10)
    at Module.load (module.js:566:32)
    at tryModuleLoad (module.js:506:12)
    at Function.Module._load (module.js:498:3)

2018-10-02 02:00:59
Error: Cannot find module 'cryptonote-util'
    at Function.Module._resolveFilename (module.js:548:15)
    at Function.Module._load (module.js:475:25)
    at Module.require (module.js:597:17)
    at require (internal/module.js:11:18)
    at Object.<anonymous> (D:\Projects\ShellPool\src\pool.js:15:14)
    at Module._compile (module.js:653:30)
    at Object.Module._extensions..js (module.js:664:10)
    at Module.load (module.js:566:32)
    at tryModuleLoad (module.js:506:12)
    at Function.Module._load (module.js:498:3)

2018-10-02 02:01:01
Error: Cannot find module './lib/chartsDataCollector.js'
    at Function.Module._resolveFilename (module.js:548:15)
    at Function.Module._load (module.js:475:25)
    at Module.require (module.js:597:17)
    at require (internal/module.js:11:18)
    at Object.<anonymous> (D:\Projects\ShellPool\app.js:108:13)
    at Module._compile (module.js:653:30)
    at Object.Module._extensions..js (module.js:664:10)
    at Module.load (module.js:566:32)
    at tryModuleLoad (module.js:506:12)
    at Function.Module._load (module.js:498:3)

2018-10-02 02:01:01
Error: Cannot find module './lib/paymentProcessor.js'
    at Function.Module._resolveFilename (module.js:548:15)
    at Function.Module._load (module.js:475:25)
    at Module.require (module.js:597:17)
    at require (internal/module.js:11:18)
    at Object.<anonymous> (D:\Projects\ShellPool\app.js:99:13)
    at Module._compile (module.js:653:30)
    at Object.Module._extensions..js (module.js:664:10)
    at Module.load (module.js:566:32)
    at tryModuleLoad (module.js:506:12)
    at Function.Module._load (module.js:498:3)

2018-10-02 02:01:01
Error: Cannot find module './lib/api.js'
    at Function.Module._resolveFilename (module.js:548:15)
    at Function.Module._load (module.js:475:25)
    at Module.require (module.js:597:17)
    at require (internal/module.js:11:18)
    at Object.<anonymous> (D:\Projects\ShellPool\app.js:102:13)
    at Module._compile (module.js:653:30)
    at Object.Module._extensions..js (module.js:664:10)
    at Module.load (module.js:566:32)
    at tryModuleLoad (module.js:506:12)
    at Function.Module._load (module.js:498:3)

2018-10-02 02:01:01
Error: Cannot find module 'cryptonote-util'
    at Function.Module._resolveFilename (module.js:548:15)
    at Function.Module._load (module.js:475:25)
    at Module.require (module.js:597:17)
    at require (internal/module.js:11:18)
    at Object.<anonymous> (D:\Projects\ShellPool\src\pool.js:15:14)
    at Module._compile (module.js:653:30)
    at Object.Module._extensions..js (module.js:664:10)
    at Module.load (module.js:566:32)
    at tryModuleLoad (module.js:506:12)
    at Function.Module._load (module.js:498:3)

2018-10-02 02:01:03
Error: Cannot find module './lib/chartsDataCollector.js'
    at Function.Module._resolveFilename (module.js:548:15)
    at Function.Module._load (module.js:475:25)
    at Module.require (module.js:597:17)
    at require (internal/module.js:11:18)
    at Object.<anonymous> (D:\Projects\ShellPool\app.js:108:13)
    at Module._compile (module.js:653:30)
    at Object.Module._extensions..js (module.js:664:10)
    at Module.load (module.js:566:32)
    at tryModuleLoad (module.js:506:12)
    at Function.Module._load (module.js:498:3)

2018-10-02 02:01:04
Error: Cannot find module './lib/api.js'
    at Function.Module._resolveFilename (module.js:548:15)
    at Function.Module._load (module.js:475:25)
    at Module.require (module.js:597:17)
    at require (internal/module.js:11:18)
    at Object.<anonymous> (D:\Projects\ShellPool\app.js:102:13)
    at Module._compile (module.js:653:30)
    at Object.Module._extensions..js (module.js:664:10)
    at Module.load (module.js:566:32)
    at tryModuleLoad (module.js:506:12)
    at Function.Module._load (module.js:498:3)

2018-10-02 02:01:04
Error: Cannot find module './lib/paymentProcessor.js'
    at Function.Module._resolveFilename (module.js:548:15)
    at Function.Module._load (module.js:475:25)
    at Module.require (module.js:597:17)
    at require (internal/module.js:11:18)
    at Object.<anonymous> (D:\Projects\ShellPool\app.js:99:13)
    at Module._compile (module.js:653:30)
    at Object.Module._extensions..js (module.js:664:10)
    at Module.load (module.js:566:32)
    at tryModuleLoad (module.js:506:12)
    at Function.Module._load (module.js:498:3)

2018-10-02 02:01:04
Error: Cannot find module 'cryptonote-util'
    at Function.Module._resolveFilename (module.js:548:15)
    at Function.Module._load (module.js:475:25)
    at Module.require (module.js:597:17)
    at require (internal/module.js:11:18)
    at Object.<anonymous> (D:\Projects\ShellPool\src\pool.js:15:14)
    at Module._compile (module.js:653:30)
    at Object.Module._extensions..js (module.js:664:10)
    at Module.load (module.js:566:32)
    at tryModuleLoad (module.js:506:12)
    at Function.Module._load (module.js:498:3)

2018-10-02 02:01:06
Error: Cannot find module './lib/chartsDataCollector.js'
    at Function.Module._resolveFilename (module.js:548:15)
    at Function.Module._load (module.js:475:25)
    at Module.require (module.js:597:17)
    at require (internal/module.js:11:18)
    at Object.<anonymous> (D:\Projects\ShellPool\app.js:108:13)
    at Module._compile (module.js:653:30)
    at Object.Module._extensions..js (module.js:664:10)
    at Module.load (module.js:566:32)
    at tryModuleLoad (module.js:506:12)
    at Function.Module._load (module.js:498:3)

2018-10-02 02:01:06
Error: Cannot find module './lib/api.js'
    at Function.Module._resolveFilename (module.js:548:15)
    at Function.Module._load (module.js:475:25)
    at Module.require (module.js:597:17)
    at require (internal/module.js:11:18)
    at Object.<anonymous> (D:\Projects\ShellPool\app.js:102:13)
    at Module._compile (module.js:653:30)
    at Object.Module._extensions..js (module.js:664:10)
    at Module.load (module.js:566:32)
    at tryModuleLoad (module.js:506:12)
    at Function.Module._load (module.js:498:3)

2018-10-02 02:01:06
Error: Cannot find module './lib/paymentProcessor.js'
    at Function.Module._resolveFilename (module.js:548:15)
    at Function.Module._load (module.js:475:25)
    at Module.require (module.js:597:17)
    at require (internal/module.js:11:18)
    at Object.<anonymous> (D:\Projects\ShellPool\app.js:99:13)
    at Module._compile (module.js:653:30)
    at Object.Module._extensions..js (module.js:664:10)
    at Module.load (module.js:566:32)
    at tryModuleLoad (module.js:506:12)
    at Function.Module._load (module.js:498:3)

2018-10-02 02:01:06
Error: Cannot find module 'cryptonote-util'
    at Function.Module._resolveFilename (module.js:548:15)
    at Function.Module._load (module.js:475:25)
    at Module.require (module.js:597:17)
    at require (internal/module.js:11:18)
    at Object.<anonymous> (D:\Projects\ShellPool\src\pool.js:15:14)
    at Module._compile (module.js:653:30)
    at Object.Module._extensions..js (module.js:664:10)
    at Module.load (module.js:566:32)
    at tryModuleLoad (module.js:506:12)
    at Function.Module._load (module.js:498:3)

2018-10-02 12:28:45
TypeError: Cannot read property 'info' of undefined
    at checkRedisVersion (d:\Projects\ShellPool\app.js:158:17)
    at init (d:\Projects\ShellPool\app.js:126:5)
    at Object.<anonymous> (d:\Projects\ShellPool\app.js:156:3)
    at Module._compile (module.js:650:14)
    at Object.Module._extensions..js (module.js:664:10)
    at Module.load (module.js:566:32)
    at tryModuleLoad (module.js:506:12)
    at Function.Module._load (module.js:498:3)
    at Function.Module.runMain (module.js:694:10)
    at startup (bootstrap_node.js:204:16)

2018-10-02 12:42:20
Error: Cannot find module 'cryptonote-util'
    at Function.Module._resolveFilename (module.js:548:15)
    at Function.Module._load (module.js:475:25)
    at Module.require (module.js:597:17)
    at require (internal/module.js:11:18)
    at Object.<anonymous> (d:\Projects\ShellPool\src\pool.js:15:14)
    at Module._compile (module.js:653:30)
    at Object.Module._extensions..js (module.js:664:10)
    at Module.load (module.js:566:32)
    at tryModuleLoad (module.js:506:12)
    at Function.Module._load (module.js:498:3)

2018-10-03 08:31:47
TypeError: Cannot read property 'daemonConfig' of undefined
    at rpcDaemon (d:\Projects\ShellPool\src\apiInterfaces.js:151:18)
    at Timeout._onTimeout (d:\Projects\ShellPool\src\api.js:554:9)
    at ontimeout (timers.js:498:11)
    at tryOnTimeout (timers.js:323:5)
    at Timer.listOnTimeout (timers.js:290:5)

2018-10-03 08:31:47
TypeError: Cannot read property 'walletConfig' of undefined
    at rpcWallet (d:\Projects\ShellPool\src\apiInterfaces.js:154:18)
    at Timeout._onTimeout (d:\Projects\ShellPool\src\api.js:554:9)
    at ontimeout (timers.js:498:11)
    at tryOnTimeout (timers.js:323:5)
    at Timer.listOnTimeout (timers.js:290:5)
    at listOnTimeoutNT (timers.js:369:26)
    at _combinedTickCallback (internal/process/next_tick.js:136:11)
    at Immediate._tickCallback [as _onImmediate] (internal/process/next_tick.js:181:9)
    at runCallback (timers.js:810:20)
    at tryOnImmediate (timers.js:768:5)

2018-10-03 08:31:48
TypeError: Cannot read property 'pool' of undefined
    at d:\Projects\ShellPool\src\charts.js:160:31
    at ClientRequest.<anonymous> (d:\Projects\ShellPool\src\apiInterfaces.js:81:9)
    at emitOne (events.js:116:13)
    at ClientRequest.emit (events.js:211:7)
    at Socket.socketErrorListener (_http_client.js:387:9)
    at emitOne (events.js:116:13)
    at Socket.emit (events.js:211:7)
    at emitErrorNT (internal/streams/destroy.js:66:8)
    at _combinedTickCallback (internal/process/next_tick.js:139:11)
    at process._tickCallback (internal/process/next_tick.js:181:9)

2018-10-03 08:31:48
TypeError: Cannot read property 'pool' of undefined
    at d:\Projects\ShellPool\src\charts.js:160:31
    at ClientRequest.<anonymous> (d:\Projects\ShellPool\src\apiInterfaces.js:81:9)
    at emitOne (events.js:116:13)
    at ClientRequest.emit (events.js:211:7)
    at Socket.socketCloseListener (_http_client.js:363:9)
    at emitOne (events.js:121:20)
    at Socket.emit (events.js:211:7)
    at TCP._handle.close [as _onclose] (net.js:561:12)

2018-10-03 08:31:48
TypeError: Cannot read property 'pool' of undefined
    at d:\Projects\ShellPool\src\charts.js:165:31
    at ClientRequest.<anonymous> (d:\Projects\ShellPool\src\apiInterfaces.js:81:9)
    at emitOne (events.js:116:13)
    at ClientRequest.emit (events.js:211:7)
    at Socket.socketErrorListener (_http_client.js:387:9)
    at emitOne (events.js:116:13)
    at Socket.emit (events.js:211:7)
    at emitErrorNT (internal/streams/destroy.js:66:8)
    at _combinedTickCallback (internal/process/next_tick.js:139:11)
    at process._tickCallback (internal/process/next_tick.js:181:9)

2018-10-03 08:32:52
TypeError: Cannot read property 'daemonConfig' of undefined
    at rpcDaemon (d:\Projects\ShellPool\src\apiInterfaces.js:151:18)
    at Timeout._onTimeout (d:\Projects\ShellPool\src\api.js:554:9)
    at ontimeout (timers.js:498:11)
    at tryOnTimeout (timers.js:323:5)
    at Timer.listOnTimeout (timers.js:290:5)

2018-10-03 08:32:52
TypeError: Cannot read property 'walletConfig' of undefined
    at rpcWallet (d:\Projects\ShellPool\src\apiInterfaces.js:154:18)
    at Timeout._onTimeout (d:\Projects\ShellPool\src\api.js:554:9)
    at ontimeout (timers.js:498:11)
    at tryOnTimeout (timers.js:323:5)
    at Timer.listOnTimeout (timers.js:290:5)
    at listOnTimeoutNT (timers.js:369:26)
    at _combinedTickCallback (internal/process/next_tick.js:136:11)
    at Immediate._tickCallback [as _onImmediate] (internal/process/next_tick.js:181:9)
    at runCallback (timers.js:810:20)
    at tryOnImmediate (timers.js:768:5)

2018-10-03 08:32:54
TypeError: Cannot read property 'pool' of undefined
    at d:\Projects\ShellPool\src\charts.js:160:31
    at ClientRequest.<anonymous> (d:\Projects\ShellPool\src\apiInterfaces.js:81:9)
    at emitOne (events.js:116:13)
    at ClientRequest.emit (events.js:211:7)
    at Socket.socketErrorListener (_http_client.js:387:9)
    at emitOne (events.js:116:13)
    at Socket.emit (events.js:211:7)
    at emitErrorNT (internal/streams/destroy.js:66:8)
    at _combinedTickCallback (internal/process/next_tick.js:139:11)
    at process._tickCallback (internal/process/next_tick.js:181:9)

2018-10-03 08:32:54
TypeError: Cannot read property 'pool' of undefined
    at d:\Projects\ShellPool\src\charts.js:160:31
    at ClientRequest.<anonymous> (d:\Projects\ShellPool\src\apiInterfaces.js:81:9)
    at emitOne (events.js:116:13)
    at ClientRequest.emit (events.js:211:7)
    at Socket.socketCloseListener (_http_client.js:363:9)
    at emitOne (events.js:121:20)
    at Socket.emit (events.js:211:7)
    at TCP._handle.close [as _onclose] (net.js:561:12)

2018-10-03 08:32:55
TypeError: Cannot read property 'pool' of undefined
    at d:\Projects\ShellPool\src\charts.js:165:31
    at ClientRequest.<anonymous> (d:\Projects\ShellPool\src\apiInterfaces.js:81:9)
    at emitOne (events.js:116:13)
    at ClientRequest.emit (events.js:211:7)
    at Socket.socketErrorListener (_http_client.js:387:9)
    at emitOne (events.js:116:13)
    at Socket.emit (events.js:211:7)
    at emitErrorNT (internal/streams/destroy.js:66:8)
    at _combinedTickCallback (internal/process/next_tick.js:139:11)
    at process._tickCallback (internal/process/next_tick.js:181:9)

2018-10-03 08:32:55
TypeError: Cannot read property 'pool' of undefined
    at d:\Projects\ShellPool\src\charts.js:165:31
    at ClientRequest.<anonymous> (d:\Projects\ShellPool\src\apiInterfaces.js:81:9)
    at emitOne (events.js:116:13)
    at ClientRequest.emit (events.js:211:7)
    at Socket.socketCloseListener (_http_client.js:363:9)
    at emitOne (events.js:121:20)
    at Socket.emit (events.js:211:7)
    at TCP._handle.close [as _onclose] (net.js:561:12)

2018-10-03 08:33:57
TypeError: Cannot read property 'daemonConfig' of undefined
    at rpcDaemon (d:\Projects\ShellPool\src\apiInterfaces.js:151:18)
    at Timeout._onTimeout (d:\Projects\ShellPool\src\api.js:554:9)
    at ontimeout (timers.js:498:11)
    at tryOnTimeout (timers.js:323:5)
    at Timer.listOnTimeout (timers.js:290:5)

2018-10-03 08:33:57
TypeError: Cannot read property 'walletConfig' of undefined
    at rpcWallet (d:\Projects\ShellPool\src\apiInterfaces.js:154:18)
    at Timeout._onTimeout (d:\Projects\ShellPool\src\api.js:554:9)
    at ontimeout (timers.js:498:11)
    at tryOnTimeout (timers.js:323:5)
    at Timer.listOnTimeout (timers.js:290:5)
    at listOnTimeoutNT (timers.js:369:26)
    at _combinedTickCallback (internal/process/next_tick.js:136:11)
    at Immediate._tickCallback [as _onImmediate] (internal/process/next_tick.js:181:9)
    at runCallback (timers.js:810:20)
    at tryOnImmediate (timers.js:768:5)

